\BOOKMARK [0][-]{Doc-Start}{Scopul lucrarii}{}% 1
\BOOKMARK [0][-]{chapter*.1}{Introducere}{}% 2
\BOOKMARK [0][-]{chapter.1}{Notiuni teoretice necesare}{}% 3
\BOOKMARK [1][-]{section.1.1}{Sunetul}{chapter.1}% 4
\BOOKMARK [1][-]{section.1.2}{Reflexia sunetului}{chapter.1}% 5
\BOOKMARK [1][-]{section.1.3}{Difractia si interferenta sunetului}{chapter.1}% 6
\BOOKMARK [1][-]{section.1.4}{Functia de raspuns la impuls}{chapter.1}% 7
\BOOKMARK [1][-]{section.1.5}{Functia de raspuns la frecventa}{chapter.1}% 8
\BOOKMARK [1][-]{section.1.6}{Absorbtia sunetului}{chapter.1}% 9
\BOOKMARK [1][-]{section.1.7}{Simularea binaurala}{chapter.1}% 10
\BOOKMARK [1][-]{section.1.8}{Tehnica de trasare a razelor\(Ray-Tracing\)}{chapter.1}% 11
\BOOKMARK [1][-]{section.1.9}{Convolutia sunetului}{chapter.1}% 12
\BOOKMARK [1][-]{section.1.10}{Transformata Rapida Fourier si Inversa Transofrmatei Rapide Fourier}{chapter.1}% 13
\BOOKMARK [0][-]{chapter.2}{Tehnologii utilizate}{}% 14
\BOOKMARK [1][-]{section.2.1}{Limbajul de programare C\043}{chapter.2}% 15
\BOOKMARK [1][-]{section.2.2}{Limbajul de programare Python si biblioteca matplotlib}{chapter.2}% 16
\BOOKMARK [1][-]{section.2.3}{Platforma Unity}{chapter.2}% 17
\BOOKMARK [1][-]{section.2.4}{Platforma Blender}{chapter.2}% 18
\BOOKMARK [1][-]{section.2.5}{Biblioteca NWaves, XCharts si StandaloneFileBrowser}{chapter.2}% 19
\BOOKMARK [0][-]{chapter.3}{Pasii elementari pentru implementarea aplicatiei}{}% 20
\BOOKMARK [1][-]{section.3.1}{Prezentarea aplicatiei}{chapter.3}% 21
\BOOKMARK [1][-]{section.3.2}{Calcul geometric}{chapter.3}% 22
\BOOKMARK [2][-]{subsection.3.2.1}{Sfera lui Fibonacci}{section.3.2}% 23
\BOOKMARK [2][-]{subsection.3.2.2}{Propagarea razelor}{section.3.2}% 24
\BOOKMARK [2][-]{subsection.3.2.3}{Selectia razelor}{section.3.2}% 25
\BOOKMARK [1][-]{section.3.3}{Calcul fizic}{chapter.3}% 26
\BOOKMARK [2][-]{subsection.3.3.1}{Trecerea \356n domeniul frecventelor}{section.3.3}% 27
\BOOKMARK [2][-]{subsection.3.3.2}{Calculul intensitatilor}{section.3.3}% 28
\BOOKMARK [2][-]{subsection.3.3.3}{Calculul presiunilor}{section.3.3}% 29
\BOOKMARK [2][-]{subsection.3.3.4}{Functia de raspuns \356n frecventa si functia de raspuns la impuls}{section.3.3}% 30
\BOOKMARK [2][-]{subsection.3.3.5}{Calculul distantelor}{section.3.3}% 31
\BOOKMARK [2][-]{subsection.3.3.6}{Calculul timpilor}{section.3.3}% 32
\BOOKMARK [1][-]{section.3.4}{Post-procesarea}{chapter.3}% 33
\BOOKMARK [2][-]{subsection.3.4.1}{Convolutia sunetului}{section.3.4}% 34
\BOOKMARK [1][-]{section.3.5}{GUI}{chapter.3}% 35
\BOOKMARK [0][-]{chapter.4}{Testarea si analizarea rezultatelor}{}% 36
\BOOKMARK [1][-]{section.4.1}{Experimente realizate}{chapter.4}% 37
\BOOKMARK [1][-]{section.4.2}{Comparatii}{chapter.4}% 38
\BOOKMARK [0][-]{chapter.5}{Concluzii}{}% 39
\BOOKMARK [1][-]{section.5.1}{Concluzii generale}{chapter.5}% 40
\BOOKMARK [1][-]{section.5.2}{Concluzii personale}{chapter.5}% 41
\BOOKMARK [1][-]{section.5.3}{Dezvoltari ulterioare}{chapter.5}% 42
